d:\task\alias\direct3d tutorial sample\c++\lesson3.cubes\windowsphone\debug\lesson3.cubes.windowsphone.pch
d:\task\alias\direct3d tutorial sample\c++\lesson3.cubes\windowsphone\debug\vc120.pdb
d:\task\alias\direct3d tutorial sample\c++\lesson3.cubes\windowsphone\debug\vc120.idb
d:\task\alias\direct3d tutorial sample\c++\lesson3.cubes\windowsphone\debug\pch.obj
d:\task\alias\direct3d tutorial sample\c++\lesson3.cubes\windowsphone\debug\direct3dbase.obj
d:\task\alias\direct3d tutorial sample\c++\lesson3.cubes\windowsphone\debug\main.obj
d:\task\alias\direct3d tutorial sample\c++\lesson3.cubes\windowsphone\debug\quadrenderer.obj
d:\task\alias\direct3d tutorial sample\c++\lesson3.cubes\windowsphone\debug\geometrytypes.obj
d:\task\alias\direct3d tutorial sample\c++\lesson3.cubes\windowsphone\debug\basicreaderwriter.obj
d:\task\alias\direct3d tutorial sample\c++\debug\lesson3.cubes.windowsphone\simplepixelshader.cso
d:\task\alias\direct3d tutorial sample\c++\debug\lesson3.cubes.windowsphone\simplevertexshader.cso
d:\task\alias\direct3d tutorial sample\c++\debug\lesson3.cubes.windowsphone\lesson3.cubes.winmd
d:\task\alias\direct3d tutorial sample\c++\lesson3.cubes\windowsphone\debug\lesson3.cubes.windowsphone.vcxprojresolveassemblyreference.cache
d:\task\alias\direct3d tutorial sample\c++\lesson3.cubes\windowsphone\debug\priconfig.xml
d:\task\alias\direct3d tutorial sample\c++\lesson3.cubes\windowsphone\debug\priconfig.xml.intermediate
d:\task\alias\direct3d tutorial sample\c++\lesson3.cubes\windowsphone\debug\layout.resfiles
d:\task\alias\direct3d tutorial sample\c++\lesson3.cubes\windowsphone\debug\layout.resfiles.intermediate
d:\task\alias\direct3d tutorial sample\c++\lesson3.cubes\windowsphone\debug\resources.resfiles
d:\task\alias\direct3d tutorial sample\c++\lesson3.cubes\windowsphone\debug\resources.resfiles.intermediate
d:\task\alias\direct3d tutorial sample\c++\lesson3.cubes\windowsphone\debug\pri.resfiles
d:\task\alias\direct3d tutorial sample\c++\lesson3.cubes\windowsphone\debug\pri.resfiles.intermediate
d:\task\alias\direct3d tutorial sample\c++\debug\lesson3.cubes.windowsphone\resources.pri
d:\task\alias\direct3d tutorial sample\c++\lesson3.cubes\windowsphone\debug\qualifiers.txt
d:\task\alias\direct3d tutorial sample\c++\lesson3.cubes\windowsphone\debug\qualifiers.txt.intermediate
d:\task\alias\direct3d tutorial sample\c++\lesson3.cubes\windowsphone\debug\multiplequalifiersperdimensionfound.txt
d:\task\alias\direct3d tutorial sample\c++\lesson3.cubes\windowsphone\debug\projectarchitectures.txt
d:\task\alias\direct3d tutorial sample\c++\debug\lesson3.cubes.windowsphone\appxmanifest.xml
d:\task\alias\direct3d tutorial sample\c++\debug\lesson3.cubes.windowsphone\lesson3.cubes.windowsphone.build.appxrecipe
d:\task\alias\direct3d tutorial sample\c++\debug\lesson3.cubes.windowsphone\lesson3.cubes.windowsphone.ilk
d:\task\alias\direct3d tutorial sample\c++\debug\lesson3.cubes.windowsphone\lesson3.cubes.windowsphone.exe
d:\task\alias\direct3d tutorial sample\c++\debug\lesson3.cubes.windowsphone\lesson3.cubes.windowsphone.pdb
d:\task\alias\new_10_27\lesson3.cubes\windowsphone\debug\lesson3.cubes.windowsphone.vcxprojresolveassemblyreference.cache
d:\task\alias\new_10_27\lesson3.cubes\windowsphone\debug\basicreaderwriter.obj
d:\task\alias\new_10_27\lesson3.cubes\windowsphone\debug\direct3dbase.obj
d:\task\alias\new_10_27\lesson3.cubes\windowsphone\debug\geometrytypes.obj
d:\task\alias\new_10_27\lesson3.cubes\windowsphone\debug\main.obj
d:\task\alias\new_10_27\lesson3.cubes\windowsphone\debug\pch.obj
d:\task\alias\new_10_27\lesson3.cubes\windowsphone\debug\quadrenderer.obj
d:\task\alias\new_10_27\lesson3.cubes\windowsphone\debug\layout.resfiles
d:\task\alias\new_10_27\lesson3.cubes\windowsphone\debug\pri.resfiles
d:\task\alias\new_10_27\lesson3.cubes\windowsphone\debug\resources.resfiles
d:\task\alias\new_10_27\lesson3.cubes\windowsphone\debug\lesson3.cubes.windowsphone.pch
d:\task\alias\new_10_27\lesson3.cubes\windowsphone\debug\vc120.idb
d:\task\alias\new_10_27\lesson3.cubes\windowsphone\debug\vc120.pdb
d:\task\alias\new_10_27\lesson3.cubes\windowsphone\debug\priconfig.xml
d:\task\alias\new_10_27\lesson3.cubes\windowsphone\debug\lesson3..dd891b53.tlog\cl.command.1.tlog
d:\task\alias\new_10_27\lesson3.cubes\windowsphone\debug\lesson3..dd891b53.tlog\cl.read.1.tlog
d:\task\alias\new_10_27\lesson3.cubes\windowsphone\debug\lesson3..dd891b53.tlog\cl.write.1.tlog
d:\task\alias\new_10_27\lesson3.cubes\windowsphone\debug\lesson3..dd891b53.tlog\fxc.command.1.tlog
d:\task\alias\new_10_27\lesson3.cubes\windowsphone\debug\lesson3..dd891b53.tlog\fxc.read.1.tlog
d:\task\alias\new_10_27\lesson3.cubes\windowsphone\debug\lesson3..dd891b53.tlog\fxc.write.1.tlog
d:\task\alias\new_10_27\lesson3.cubes\windowsphone\debug\lesson3..dd891b53.tlog\lesson3.cubes.windowsphone.read.1u.tlog
d:\task\alias\new_10_27\lesson3.cubes\windowsphone\debug\lesson3..dd891b53.tlog\lesson3.cubes.windowsphone.write.1u.tlog
d:\task\alias\new_10_27\lesson3.cubes\windowsphone\debug\lesson3..dd891b53.tlog\link.command.1.tlog
d:\task\alias\new_10_27\lesson3.cubes\windowsphone\debug\lesson3..dd891b53.tlog\link.read.1.tlog
d:\task\alias\new_10_27\lesson3.cubes\windowsphone\debug\lesson3..dd891b53.tlog\link.write.1.tlog
