d:\task\alias\new_10_27\lesson3.cubes\windows\debug\pch.pch
d:\task\alias\new_10_27\lesson3.cubes\windows\debug\vc120.pdb
d:\task\alias\new_10_27\lesson3.cubes\windows\debug\vc120.idb
d:\task\alias\new_10_27\lesson3.cubes\windows\debug\pch.obj
d:\task\alias\new_10_27\lesson3.cubes\windows\debug\basicreaderwriter.obj
d:\task\alias\new_10_27\lesson3.cubes\windows\debug\direct3dbase.obj
d:\task\alias\new_10_27\lesson3.cubes\windows\debug\geometrytypes.obj
d:\task\alias\new_10_27\lesson3.cubes\windows\debug\quadrenderer.obj
d:\task\alias\new_10_27\lesson3.cubes\windows\debug\main.obj
d:\task\alias\new_10_27\lesson3.cubes\windows\debug\lesson3.cubes.windows\simplepixelshader.cso
d:\task\alias\new_10_27\lesson3.cubes\windows\debug\lesson3.cubes.windows\simplevertexshader.cso
d:\task\alias\new_10_27\lesson3.cubes\windows\debug\lesson3.cubes.windows\lesson3.cubes.winmd
d:\task\alias\new_10_27\lesson3.cubes\windows\debug\lesson3.cubes.windows.vcxprojresolveassemblyreference.cache
d:\task\alias\new_10_27\lesson3.cubes\windows\debug\priconfig.xml
d:\task\alias\new_10_27\lesson3.cubes\windows\debug\priconfig.xml.intermediate
d:\task\alias\new_10_27\lesson3.cubes\windows\debug\layout.resfiles
d:\task\alias\new_10_27\lesson3.cubes\windows\debug\layout.resfiles.intermediate
d:\task\alias\new_10_27\lesson3.cubes\windows\debug\resources.resfiles
d:\task\alias\new_10_27\lesson3.cubes\windows\debug\resources.resfiles.intermediate
d:\task\alias\new_10_27\lesson3.cubes\windows\debug\pri.resfiles
d:\task\alias\new_10_27\lesson3.cubes\windows\debug\pri.resfiles.intermediate
d:\task\alias\new_10_27\lesson3.cubes\windows\debug\lesson3.cubes.windows\resources.pri
d:\task\alias\new_10_27\lesson3.cubes\windows\debug\qualifiers.txt
d:\task\alias\new_10_27\lesson3.cubes\windows\debug\qualifiers.txt.intermediate
d:\task\alias\new_10_27\lesson3.cubes\windows\debug\multiplequalifiersperdimensionfound.txt
d:\task\alias\new_10_27\lesson3.cubes\windows\debug\projectarchitectures.txt
d:\task\alias\new_10_27\lesson3.cubes\windows\debug\lesson3.cubes.windows\appxmanifest.xml
d:\task\alias\new_10_27\lesson3.cubes\windows\debug\lesson3.cubes.windows\lesson3.cubes.windows.build.appxrecipe
d:\task\alias\new_10_27\lesson3.cubes\windows\debug\lesson3.cubes.windows\lesson3.cubes.windows.ilk
d:\task\alias\new_10_27\lesson3.cubes\windows\debug\lesson3.cubes.windows\lesson3.cubes.windows.exe
d:\task\alias\new_10_27\lesson3.cubes\windows\debug\lesson3.cubes.windows\lesson3.cubes.windows.pdb
d:\task\alias\new_10_27\lesson3.cubes\windows\debug\lesson3..cb1b0e50.tlog\cl.command.1.tlog
d:\task\alias\new_10_27\lesson3.cubes\windows\debug\lesson3..cb1b0e50.tlog\cl.read.1.tlog
d:\task\alias\new_10_27\lesson3.cubes\windows\debug\lesson3..cb1b0e50.tlog\cl.write.1.tlog
d:\task\alias\new_10_27\lesson3.cubes\windows\debug\lesson3..cb1b0e50.tlog\fxc.command.1.tlog
d:\task\alias\new_10_27\lesson3.cubes\windows\debug\lesson3..cb1b0e50.tlog\fxc.read.1.tlog
d:\task\alias\new_10_27\lesson3.cubes\windows\debug\lesson3..cb1b0e50.tlog\fxc.write.1.tlog
d:\task\alias\new_10_27\lesson3.cubes\windows\debug\lesson3..cb1b0e50.tlog\lesson3.cubes.windows.read.1u.tlog
d:\task\alias\new_10_27\lesson3.cubes\windows\debug\lesson3..cb1b0e50.tlog\lesson3.cubes.windows.write.1u.tlog
d:\task\alias\new_10_27\lesson3.cubes\windows\debug\lesson3..cb1b0e50.tlog\link.command.1.tlog
d:\task\alias\new_10_27\lesson3.cubes\windows\debug\lesson3..cb1b0e50.tlog\link.read.1.tlog
d:\task\alias\new_10_27\lesson3.cubes\windows\debug\lesson3..cb1b0e50.tlog\link.write.1.tlog
